<?xml version="1.0" encoding="UTF-8"?>
<testsuite name="pl.edu.mimuw.MatrixBinaryOperationTest" tests="107" skipped="0" failures="0" errors="0" timestamp="2022-05-07T16:24:30" hostname="Heorhiis-MacBook-Pro.local" time="0.088">
  <properties/>
  <testcase name="testMinusSparseMatrices()" classname="pl.edu.mimuw.MatrixBinaryOperationTest" time="0.023"/>
  <testcase name="[9] [[1.0, 0.0], [0.0, 1.0]]" classname="pl.edu.mimuw.MatrixBinaryOperationTest" time="0.017"/>
  <testcase name="[9] [[1.0, 0.0], [0.0, 1.0]]" classname="pl.edu.mimuw.MatrixBinaryOperationTest" time="0.015"/>
  <testcase name="[9] [[1.0, 0.0], [0.0, 1.0]]" classname="pl.edu.mimuw.MatrixBinaryOperationTest" time="0.017"/>
  <testcase name="[3] [[1.0, 2.0, 3.0], [4.0, 5.0, 6.0]], [[1.0, 2.0, 3.0], [4.0, 5.0, 6.0]]" classname="pl.edu.mimuw.MatrixBinaryOperationTest" time="0.024"/>
  <testcase name="[1] [[1.0, 2.0, 3.0], [4.0, 5.0, 6.0]], [[1.0, 2.0, 3.0], [4.0, 5.0, 6.0]]" classname="pl.edu.mimuw.MatrixBinaryOperationTest" time="0.024"/>
  <testcase name="[9] [[1.0, 0.0], [0.0, 1.0]]" classname="pl.edu.mimuw.MatrixBinaryOperationTest" time="0.017"/>
  <testcase name="[9] [[1.0, 0.0], [0.0, 1.0]]" classname="pl.edu.mimuw.MatrixBinaryOperationTest" time="0.017"/>
  <testcase name="[2] [[1.0, 2.0, 3.0], [4.0, 5.0, 6.0]], [[1.0, 2.0, 3.0], [4.0, 5.0, 6.0]]" classname="pl.edu.mimuw.MatrixBinaryOperationTest" time="0.024"/>
  <testcase name="[1] [[1.0, 2.0, 3.0], [4.0, 5.0, 6.0]], [[1.0, 2.0, 3.0], [4.0, 5.0, 6.0]]" classname="pl.edu.mimuw.MatrixBinaryOperationTest" time="0.001"/>
  <testcase name="[10] [[1.0, 0.0, 0.0], [0.0, 1.0, 0.0], [0.0, 0.0, 1.0]]" classname="pl.edu.mimuw.MatrixBinaryOperationTest" time="0.001"/>
  <testcase name="[10] [[1.0, 0.0, 0.0], [0.0, 1.0, 0.0], [0.0, 0.0, 1.0]]" classname="pl.edu.mimuw.MatrixBinaryOperationTest" time="0.001"/>
  <testcase name="[4] [[1.0, 2.0, 3.0], [4.0, 5.0, 6.0]], [[1.0, 2.0, 3.0], [4.0, 5.0, 6.0]]" classname="pl.edu.mimuw.MatrixBinaryOperationTest" time="0.001"/>
  <testcase name="[10] [[1.0, 0.0, 0.0], [0.0, 1.0, 0.0], [0.0, 0.0, 1.0]]" classname="pl.edu.mimuw.MatrixBinaryOperationTest" time="0.001"/>
  <testcase name="[10] [[1.0, 0.0, 0.0], [0.0, 1.0, 0.0], [0.0, 0.0, 1.0]]" classname="pl.edu.mimuw.MatrixBinaryOperationTest" time="0.002"/>
  <testcase name="[4] [[1.0, 2.0, 3.0], [4.0, 5.0, 6.0]], [[1.0, 2.0, 3.0], [4.0, 5.0, 6.0]]" classname="pl.edu.mimuw.MatrixBinaryOperationTest" time="0.004"/>
  <testcase name="[3] [[1.0, 2.0, 3.0], [4.0, 5.0, 6.0]], [[1.0, 2.0, 3.0], [4.0, 5.0, 6.0]]" classname="pl.edu.mimuw.MatrixBinaryOperationTest" time="0.001"/>
  <testcase name="[10] [[1.0, 0.0, 0.0], [0.0, 1.0, 0.0], [0.0, 0.0, 1.0]]" classname="pl.edu.mimuw.MatrixBinaryOperationTest" time="0.004"/>
  <testcase name="[11] [[0, 0, 0]...[0, 0, 0]]" classname="pl.edu.mimuw.MatrixBinaryOperationTest" time="0.001"/>
  <testcase name="[4] [[1.0, 2.0, 3.0], [4.0, 5.0, 6.0]], [[1.0, 2.0, 3.0], [4.0, 5.0, 6.0]]" classname="pl.edu.mimuw.MatrixBinaryOperationTest" time="0.003"/>
  <testcase name="[11] [[0, 0, 0]...[0, 0, 0]]" classname="pl.edu.mimuw.MatrixBinaryOperationTest" time="0.001"/>
  <testcase name="[3] [[1.0, 2.0, 3.0], [4.0, 5.0, 6.0]], [[1.0, 2.0, 3.0], [4.0, 5.0, 6.0]]" classname="pl.edu.mimuw.MatrixBinaryOperationTest" time="0.001"/>
  <testcase name="[11] [[0, 0, 0]...[0, 0, 0]]" classname="pl.edu.mimuw.MatrixBinaryOperationTest" time="0.001"/>
  <testcase name="[11] [[0, 0, 0]...[0, 0, 0]]" classname="pl.edu.mimuw.MatrixBinaryOperationTest" time="0.003"/>
  <testcase name="[1] [[1.0, 2.0, 3.0], [4.0, 5.0, 6.0]], [[1.0, 2.0, 3.0], [4.0, 5.0, 6.0]]" classname="pl.edu.mimuw.MatrixBinaryOperationTest" time="0.001"/>
  <testcase name="[1] [[1.0, 2.0, 3.0], [4.0, 5.0, 6.0]]" classname="pl.edu.mimuw.MatrixBinaryOperationTest" time="0.001"/>
  <testcase name="[2] [[1.0, 2.0, 3.0], [4.0, 5.0, 6.0]], [[1.0, 2.0, 3.0], [4.0, 5.0, 6.0]]" classname="pl.edu.mimuw.MatrixBinaryOperationTest" time="0.001"/>
  <testcase name="[8] [[15.0], [16.0], [17.0]]" classname="pl.edu.mimuw.MatrixBinaryOperationTest" time="0.001"/>
  <testcase name="[11] [[0, 0, 0]...[0, 0, 0]]" classname="pl.edu.mimuw.MatrixBinaryOperationTest" time="0.004"/>
  <testcase name="[2] [[1.0, 2.0, 3.0], [4.0, 5.0, 6.0]], [[1.0, 2.0, 3.0], [4.0, 5.0, 6.0]]" classname="pl.edu.mimuw.MatrixBinaryOperationTest" time="0.002"/>
  <testcase name="[4] [[0.0, 0.0, 10.0], [0.0, 11.0, 0.0], [12.0, 0.0, 0.0]]" classname="pl.edu.mimuw.MatrixBinaryOperationTest" time="0.003"/>
  <testcase name="[2] [[1.0, 2.0], [3.0, 4.0], [5.0, 6.0]]" classname="pl.edu.mimuw.MatrixBinaryOperationTest" time="0.005"/>
  <testcase name="[4] [[0.0, 0.0, 10.0], [0.0, 11.0, 0.0], [12.0, 0.0, 0.0]]" classname="pl.edu.mimuw.MatrixBinaryOperationTest" time="0.001"/>
  <testcase name="[6] [[1.0, 2.0], [3.0, 4.0], [5.0, 6.0]]" classname="pl.edu.mimuw.MatrixBinaryOperationTest" time="0.001"/>
  <testcase name="[1] [[1.0, 2.0, 3.0], [4.0, 5.0, 6.0]]" classname="pl.edu.mimuw.MatrixBinaryOperationTest" time="0.001"/>
  <testcase name="[5] [[1.0, 2.0, 3.0], [4.0, 5.0, 6.0]]" classname="pl.edu.mimuw.MatrixBinaryOperationTest" time="0.001"/>
  <testcase name="[9] [[1.0, 0.0], [0.0, 1.0]]" classname="pl.edu.mimuw.MatrixBinaryOperationTest" time="0.001"/>
  <testcase name="[3] [[7.0, 0.0, 0.0], [0.0, 8.0, 0.0], [0.0, 0.0, 9.0]]" classname="pl.edu.mimuw.MatrixBinaryOperationTest" time="0.0"/>
  <testcase name="[7] [[18.0], [19.0]]" classname="pl.edu.mimuw.MatrixBinaryOperationTest" time="0.0"/>
  <testcase name="[1] [[1.0, 2.0, 3.0], [4.0, 5.0, 6.0]]" classname="pl.edu.mimuw.MatrixBinaryOperationTest" time="0.001"/>
  <testcase name="[2] [[1.0, 2.0], [3.0, 4.0], [5.0, 6.0]]" classname="pl.edu.mimuw.MatrixBinaryOperationTest" time="0.001"/>
  <testcase name="[2] [[1.0, 2.0], [3.0, 4.0], [5.0, 6.0]]" classname="pl.edu.mimuw.MatrixBinaryOperationTest" time="0.0"/>
  <testcase name="[2] [[1.0, 2.0], [3.0, 4.0], [5.0, 6.0]]" classname="pl.edu.mimuw.MatrixBinaryOperationTest" time="0.001"/>
  <testcase name="[10] [[1.0, 0.0, 0.0], [0.0, 1.0, 0.0], [0.0, 0.0, 1.0]]" classname="pl.edu.mimuw.MatrixBinaryOperationTest" time="0.001"/>
  <testcase name="[3] [[7.0, 0.0, 0.0], [0.0, 8.0, 0.0], [0.0, 0.0, 9.0]]" classname="pl.edu.mimuw.MatrixBinaryOperationTest" time="0.001"/>
  <testcase name="[3] [[7.0, 0.0, 0.0], [0.0, 8.0, 0.0], [0.0, 0.0, 9.0]]" classname="pl.edu.mimuw.MatrixBinaryOperationTest" time="0.001"/>
  <testcase name="[4] [[0.0, 0.0, 10.0], [0.0, 11.0, 0.0], [12.0, 0.0, 0.0]]" classname="pl.edu.mimuw.MatrixBinaryOperationTest" time="0.001"/>
  <testcase name="[4] [[0.0, 0.0, 10.0], [0.0, 11.0, 0.0], [12.0, 0.0, 0.0]]" classname="pl.edu.mimuw.MatrixBinaryOperationTest" time="0.002"/>
  <testcase name="[6] [[1.0, 2.0], [3.0, 4.0], [5.0, 6.0]]" classname="pl.edu.mimuw.MatrixBinaryOperationTest" time="0.001"/>
  <testcase name="[1] [[1.0, 2.0, 3.0], [4.0, 5.0, 6.0]]" classname="pl.edu.mimuw.MatrixBinaryOperationTest" time="0.002"/>
  <testcase name="[9] [[1.0, 0.0], [0.0, 1.0]]" classname="pl.edu.mimuw.MatrixBinaryOperationTest" time="0.002"/>
  <testcase name="[11] [[0, 0, 0]...[0, 0, 0]]" classname="pl.edu.mimuw.MatrixBinaryOperationTest" time="0.001"/>
  <testcase name="[4] [[0.0, 0.0, 10.0], [0.0, 11.0, 0.0], [12.0, 0.0, 0.0]]" classname="pl.edu.mimuw.MatrixBinaryOperationTest" time="0.001"/>
  <testcase name="[5] [[1.0, 2.0, 3.0], [4.0, 5.0, 6.0]]" classname="pl.edu.mimuw.MatrixBinaryOperationTest" time="0.001"/>
  <testcase name="[8] [[15.0], [16.0], [17.0]]" classname="pl.edu.mimuw.MatrixBinaryOperationTest" time="0.0"/>
  <testcase name="[3] [[7.0, 0.0, 0.0], [0.0, 8.0, 0.0], [0.0, 0.0, 9.0]]" classname="pl.edu.mimuw.MatrixBinaryOperationTest" time="0.001"/>
  <testcase name="[7] [[18.0], [19.0]]" classname="pl.edu.mimuw.MatrixBinaryOperationTest" time="0.001"/>
  <testcase name="[5] [[1.0, 2.0, 3.0], [4.0, 5.0, 6.0]]" classname="pl.edu.mimuw.MatrixBinaryOperationTest" time="0.001"/>
  <testcase name="[2] [[1.0, 2.0], [3.0, 4.0], [5.0, 6.0]]" classname="pl.edu.mimuw.MatrixBinaryOperationTest" time="0.0"/>
  <testcase name="[10] [[1.0, 0.0, 0.0], [0.0, 1.0, 0.0], [0.0, 0.0, 1.0]]" classname="pl.edu.mimuw.MatrixBinaryOperationTest" time="0.001"/>
  <testcase name="[8] [[15.0], [16.0], [17.0]]" classname="pl.edu.mimuw.MatrixBinaryOperationTest" time="0.003"/>
  <testcase name="[6] [[1.0, 2.0], [3.0, 4.0], [5.0, 6.0]]" classname="pl.edu.mimuw.MatrixBinaryOperationTest" time="0.001"/>
  <testcase name="[6] [[1.0, 2.0], [3.0, 4.0], [5.0, 6.0]]" classname="pl.edu.mimuw.MatrixBinaryOperationTest" time="0.002"/>
  <testcase name="[7] [[18.0], [19.0]]" classname="pl.edu.mimuw.MatrixBinaryOperationTest" time="0.002"/>
  <testcase name="[3] [[7.0, 0.0, 0.0], [0.0, 8.0, 0.0], [0.0, 0.0, 9.0]]" classname="pl.edu.mimuw.MatrixBinaryOperationTest" time="0.001"/>
  <testcase name="[8] [[15.0], [16.0], [17.0]]" classname="pl.edu.mimuw.MatrixBinaryOperationTest" time="0.001"/>
  <testcase name="[11] [[0, 0, 0]...[0, 0, 0]]" classname="pl.edu.mimuw.MatrixBinaryOperationTest" time="0.001"/>
  <testcase name="[6] [[1.0, 2.0], [3.0, 4.0], [5.0, 6.0]]" classname="pl.edu.mimuw.MatrixBinaryOperationTest" time="0.0"/>
  <testcase name="[7] [[18.0], [19.0]]" classname="pl.edu.mimuw.MatrixBinaryOperationTest" time="0.001"/>
  <testcase name="[6] [[1.0, 2.0], [3.0, 4.0], [5.0, 6.0]]" classname="pl.edu.mimuw.MatrixBinaryOperationTest" time="0.001"/>
  <testcase name="[5] [[1.0, 2.0, 3.0], [4.0, 5.0, 6.0]]" classname="pl.edu.mimuw.MatrixBinaryOperationTest" time="0.001"/>
  <testcase name="[1] [[1.0, 2.0, 3.0], [4.0, 5.0, 6.0]]" classname="pl.edu.mimuw.MatrixBinaryOperationTest" time="0.001"/>
  <testcase name="[7] [[18.0], [19.0]]" classname="pl.edu.mimuw.MatrixBinaryOperationTest" time="0.001"/>
  <testcase name="[8] [[15.0], [16.0], [17.0]]" classname="pl.edu.mimuw.MatrixBinaryOperationTest" time="0.001"/>
  <testcase name="[9] [[1.0, 0.0], [0.0, 1.0]]" classname="pl.edu.mimuw.MatrixBinaryOperationTest" time="0.003"/>
  <testcase name="[6] [[1.0, 2.0], [3.0, 4.0], [5.0, 6.0]]" classname="pl.edu.mimuw.MatrixBinaryOperationTest" time="0.002"/>
  <testcase name="[8] [[15.0], [16.0], [17.0]]" classname="pl.edu.mimuw.MatrixBinaryOperationTest" time="0.001"/>
  <testcase name="[8] [[15.0], [16.0], [17.0]]" classname="pl.edu.mimuw.MatrixBinaryOperationTest" time="0.003"/>
  <testcase name="testPlusSparseMatrices()" classname="pl.edu.mimuw.MatrixBinaryOperationTest" time="0.002"/>
  <testcase name="[7] [[18.0], [19.0]]" classname="pl.edu.mimuw.MatrixBinaryOperationTest" time="0.001"/>
  <testcase name="[4] [[0.0, 0.0, 10.0], [0.0, 11.0, 0.0], [12.0, 0.0, 0.0]]" classname="pl.edu.mimuw.MatrixBinaryOperationTest" time="0.001"/>
  <testcase name="testTimesSparseMatrices()" classname="pl.edu.mimuw.MatrixBinaryOperationTest" time="0.002"/>
  <testcase name="[7] [[18.0], [19.0]]" classname="pl.edu.mimuw.MatrixBinaryOperationTest" time="0.001"/>
  <testcase name="[10] [[1.0, 0.0, 0.0], [0.0, 1.0, 0.0], [0.0, 0.0, 1.0]]" classname="pl.edu.mimuw.MatrixBinaryOperationTest" time="0.001"/>
  <testcase name="[1] [[1.0, 2.0, 3.0], [4.0, 5.0, 6.0]]" classname="pl.edu.mimuw.MatrixBinaryOperationTest" time="0.001"/>
  <testcase name="[4] [[0.0, 0.0, 10.0], [0.0, 11.0, 0.0], [12.0, 0.0, 0.0]]" classname="pl.edu.mimuw.MatrixBinaryOperationTest" time="0.001"/>
  <testcase name="[5] [[1.0, 2.0, 3.0], [4.0, 5.0, 6.0]]" classname="pl.edu.mimuw.MatrixBinaryOperationTest" time="0.003"/>
  <testcase name="[5] [[1.0, 2.0, 3.0], [4.0, 5.0, 6.0]]" classname="pl.edu.mimuw.MatrixBinaryOperationTest" time="0.001"/>
  <testcase name="[11] [[0, 0, 0]...[0, 0, 0]]" classname="pl.edu.mimuw.MatrixBinaryOperationTest" time="0.001"/>
  <testcase name="[4] [[0.0, 0.0, 10.0], [0.0, 11.0, 0.0], [12.0, 0.0, 0.0]]" classname="pl.edu.mimuw.MatrixBinaryOperationTest" time="0.001"/>
  <testcase name="[3] [[7.0, 0.0, 0.0], [0.0, 8.0, 0.0], [0.0, 0.0, 9.0]]" classname="pl.edu.mimuw.MatrixBinaryOperationTest" time="0.001"/>
  <testcase name="[5] [[1.0, 2.0, 3.0], [4.0, 5.0, 6.0]]" classname="pl.edu.mimuw.MatrixBinaryOperationTest" time="0.001"/>
  <testcase name="[6] [[1.0, 2.0], [3.0, 4.0], [5.0, 6.0]]" classname="pl.edu.mimuw.MatrixBinaryOperationTest" time="0.002"/>
  <testcase name="[5] [[1.0, 2.0, 3.0], [4.0, 5.0, 6.0]]" classname="pl.edu.mimuw.MatrixBinaryOperationTest" time="0.002"/>
  <testcase name="[1] [[1.0, 2.0, 3.0], [4.0, 5.0, 6.0]]" classname="pl.edu.mimuw.MatrixBinaryOperationTest" time="0.001"/>
  <testcase name="[2] [[1.0, 2.0], [3.0, 4.0], [5.0, 6.0]]" classname="pl.edu.mimuw.MatrixBinaryOperationTest" time="0.001"/>
  <testcase name="[1] [[1.0, 2.0, 3.0], [4.0, 5.0, 6.0]]" classname="pl.edu.mimuw.MatrixBinaryOperationTest" time="0.001"/>
  <testcase name="[8] [[15.0], [16.0], [17.0]]" classname="pl.edu.mimuw.MatrixBinaryOperationTest" time="0.001"/>
  <testcase name="[7] [[18.0], [19.0]]" classname="pl.edu.mimuw.MatrixBinaryOperationTest" time="0.001"/>
  <testcase name="[3] [[7.0, 0.0, 0.0], [0.0, 8.0, 0.0], [0.0, 0.0, 9.0]]" classname="pl.edu.mimuw.MatrixBinaryOperationTest" time="0.001"/>
  <testcase name="[2] [[1.0, 2.0], [3.0, 4.0], [5.0, 6.0]]" classname="pl.edu.mimuw.MatrixBinaryOperationTest" time="0.001"/>
  <testcase name="[3] [[7.0, 0.0, 0.0], [0.0, 8.0, 0.0], [0.0, 0.0, 9.0]]" classname="pl.edu.mimuw.MatrixBinaryOperationTest" time="0.001"/>
  <testcase name="[1] [[1.0, 2.0, 3.0], [4.0, 5.0, 6.0]], [[1.0, 2.0], [3.0, 4.0], [5.0, 6.0]]" classname="pl.edu.mimuw.MatrixBinaryOperationTest" time="0.001"/>
  <testcase name="[2] [[1.0, 2.0, 3.0], [4.0, 5.0, 6.0]], [[1.0, 2.0], [3.0, 4.0], [5.0, 6.0]]" classname="pl.edu.mimuw.MatrixBinaryOperationTest" time="0.001"/>
  <testcase name="[3] [[1.0, 2.0, 3.0], [4.0, 5.0, 6.0]], [[1.0, 2.0], [3.0, 4.0], [5.0, 6.0]]" classname="pl.edu.mimuw.MatrixBinaryOperationTest" time="0.001"/>
  <testcase name="[4] [[1.0, 2.0, 3.0], [4.0, 5.0, 6.0]], [[1.0, 2.0], [3.0, 4.0], [5.0, 6.0]]" classname="pl.edu.mimuw.MatrixBinaryOperationTest" time="0.0"/>
  <testcase name="[2] [[1.0, 2.0], [3.0, 4.0], [5.0, 6.0]]" classname="pl.edu.mimuw.MatrixBinaryOperationTest" time="0.001"/>
  <system-out><![CDATA[]]></system-out>
  <system-err><![CDATA[]]></system-err>
</testsuite>
